<?xml version="1.0" encoding="UTF-8"?>
<!-- Generated by org.testng.reporters.JUnitReportReporter -->
<testsuite hostname="IN-PF42S2R0" failures="0" tests="3" name="com.tutorialsninja.qa.testcases.SearchTest" time="25.295" errors="0" timestamp="2024-12-03T14:28:44 IST" skipped="0">
  <testcase classname="com.tutorialsninja.qa.testcases.SearchTest" name="verifySearchWithValidProduct" time="9.955"/>
  <testcase classname="com.tutorialsninja.qa.testcases.SearchTest" name="verifySearchWithInvalidProduct" time="8.984"/>
  <testcase classname="com.tutorialsninja.qa.testcases.SearchTest" name="verifySearchWithoutAnyProduct" time="6.356"/>
</testsuite> <!-- com.tutorialsninja.qa.testcases.SearchTest -->
